<?xml version="1.0" encoding="UTF-8"?>
<!-- Generated by org.testng.reporters.JUnitXMLReporter -->
<testsuite ignored="0" hostname="maria-Vostro-3501" failures="0" tests="2" name="Error validation test" time="16.788" errors="0" timestamp="2024-03-28T11:47:58 IST">
  <testcase classname="seleniumOrganization.test.ErrorValidations" name="loginForErrorValidation" time="0.512"/>
  <testcase classname="seleniumOrganization.test.ErrorValidations" name="productErrorValidation" time="13.514"/>
</testsuite> <!-- Error validation test -->
