<?xml version="1.0" encoding="UTF-8"?>
<!-- Generated by org.testng.reporters.JUnitXMLReporter -->
<testsuite ignored="0" hostname="maria-Vostro-3501" failures="0" tests="2" name="Default test" time="19.853" errors="0" timestamp="2024-03-28T13:50:45 IST">
  <testcase classname="seleniumOrganization.test.StandAloneTestNew" name="submitOrder" time="14.332"/>
  <testcase classname="seleniumOrganization.test.StandAloneTestNew" name="orderHistoryTest" time="0.67"/>
</testsuite> <!-- Default test -->
