<?xml version="1.0" encoding="UTF-8"?>
<testng-results ignored="0" total="2" passed="2" failed="0" skipped="0">
  <reporter-output>
  </reporter-output>
  <suite started-at="2024-03-28T13:50:25 IST" name="Default suite" finished-at="2024-03-28T13:50:45 IST" duration-ms="19853">
    <groups>
    </groups>
    <test started-at="2024-03-28T13:50:25 IST" name="Default test" finished-at="2024-03-28T13:50:45 IST" duration-ms="19853">
      <class name="seleniumOrganization.test.StandAloneTestNew">
        <test-method is-config="true" signature="launchApplication()[pri:0, instance:seleniumOrganization.test.StandAloneTestNew@5e82df6a]" started-at="2024-03-28T13:50:25 IST" name="launchApplication" finished-at="2024-03-28T13:50:28 IST" duration-ms="3194" status="PASS">
          <reporter-output>
          </reporter-output>
        </test-method> <!-- launchApplication -->
        <test-method signature="submitOrder()[pri:0, instance:seleniumOrganization.test.StandAloneTestNew@5e82df6a]" started-at="2024-03-28T13:50:28 IST" name="submitOrder" finished-at="2024-03-28T13:50:43 IST" duration-ms="14332" status="PASS">
          <reporter-output>
          </reporter-output>
        </test-method> <!-- submitOrder -->
        <test-method is-config="true" signature="tearDown()[pri:0, instance:seleniumOrganization.test.StandAloneTestNew@5e82df6a]" started-at="2024-03-28T13:50:43 IST" name="tearDown" finished-at="2024-03-28T13:50:43 IST" duration-ms="119" status="PASS">
          <reporter-output>
          </reporter-output>
        </test-method> <!-- tearDown -->
        <test-method is-config="true" signature="launchApplication()[pri:0, instance:seleniumOrganization.test.StandAloneTestNew@5e82df6a]" started-at="2024-03-28T13:50:43 IST" name="launchApplication" finished-at="2024-03-28T13:50:44 IST" duration-ms="1373" status="PASS">
          <reporter-output>
          </reporter-output>
        </test-method> <!-- launchApplication -->
        <test-method signature="orderHistoryTest()[pri:0, instance:seleniumOrganization.test.StandAloneTestNew@5e82df6a]" started-at="2024-03-28T13:50:44 IST" name="orderHistoryTest" finished-at="2024-03-28T13:50:45 IST" depends-on-methods="seleniumOrganization.test.StandAloneTestNew.submitOrder" duration-ms="670" status="PASS">
          <reporter-output>
          </reporter-output>
        </test-method> <!-- orderHistoryTest -->
        <test-method is-config="true" signature="tearDown()[pri:0, instance:seleniumOrganization.test.StandAloneTestNew@5e82df6a]" started-at="2024-03-28T13:50:45 IST" name="tearDown" finished-at="2024-03-28T13:50:45 IST" duration-ms="111" status="PASS">
          <reporter-output>
          </reporter-output>
        </test-method> <!-- tearDown -->
      </class> <!-- seleniumOrganization.test.StandAloneTestNew -->
    </test> <!-- Default test -->
  </suite> <!-- Default suite -->
</testng-results>
